2025-10-01 13:34:55,469 - INFO - ===== INICIO DE COPIA DE SEGURIDAD =====
2025-10-01 13:34:55,475 - INFO - Commit realizado en prueba
2025-10-01 13:34:56,445 - INFO - Backup GitHub realizado para prueba
2025-10-01 13:34:56,445 - INFO - ===== FIN DE COPIA DE SEGURIDAD =====
2025-10-01 13:34:56,445 - INFO - Resumen NAS: []
2025-10-01 13:34:56,445 - INFO - Resumen GitHub: ['prueba']
2025-10-03 09:59:04,235 - INFO - ===== INICIO DE COPIA DE SEGURIDAD =====
2025-10-03 09:59:04,257 - INFO - Commit realizado en prueba
2025-10-03 09:59:04,829 - ERROR - Error en repo prueba: Command '['git', '-C', '/home/diurno/Escritorio/DASP/prueba', 'push']' returned non-zero exit status 1.
2025-10-03 09:59:04,829 - INFO - ===== FIN DE COPIA DE SEGURIDAD =====
2025-10-03 09:59:04,829 - INFO - Resumen NAS: []
2025-10-03 09:59:04,829 - INFO - Resumen GitHub: []
2025-10-03 10:00:34,983 - INFO - ===== INICIO DE COPIA DE SEGURIDAD =====
2025-10-03 10:00:34,987 - INFO - Commit realizado en prueba
2025-10-03 10:00:35,565 - ERROR - Error en repo prueba: Command '['git', '-C', '/home/diurno/Escritorio/DASP/prueba', 'push']' returned non-zero exit status 1.
2025-10-03 10:00:35,565 - INFO - ===== FIN DE COPIA DE SEGURIDAD =====
2025-10-03 10:00:35,566 - INFO - Resumen NAS: []
2025-10-03 10:00:35,566 - INFO - Resumen GitHub: []
2025-10-03 10:01:05,139 - INFO - ===== INICIO DE COPIA DE SEGURIDAD =====
2025-10-03 10:01:05,144 - INFO - Commit realizado en prueba
2025-10-03 10:01:06,441 - INFO - Backup GitHub realizado para prueba
2025-10-03 10:01:06,441 - INFO - ===== FIN DE COPIA DE SEGURIDAD =====
2025-10-03 10:01:06,441 - INFO - Resumen NAS: []
2025-10-03 10:01:06,441 - INFO - Resumen GitHub: ['prueba']
2025-10-03 10:04:56,123 - INFO - ===== INICIO DE COPIA DE SEGURIDAD =====
2025-10-03 10:04:56,128 - INFO - Commit realizado en prueba
2025-10-03 10:04:57,141 - INFO - Backup GitHub realizado para prueba
2025-10-03 10:04:57,141 - INFO - ===== FIN DE COPIA DE SEGURIDAD =====
2025-10-03 10:04:57,141 - INFO - Resumen NAS: []
2025-10-03 10:04:57,141 - INFO - Resumen GitHub: ['prueba']
2025-10-03 10:16:50,161 - INFO - ===== INICIO DE COPIA DE SEGURIDAD =====
2025-10-03 10:16:50,212 - INFO - Commit realizado en prueba
2025-10-03 10:16:52,177 - INFO - Backup GitHub realizado para prueba
2025-10-03 10:16:52,177 - INFO - ===== FIN DE COPIA DE SEGURIDAD =====
2025-10-03 10:16:52,177 - INFO - Resumen NAS: []
2025-10-03 10:16:52,177 - INFO - Resumen GitHub: ['prueba']
2025-10-03 10:22:17,752 - INFO - ===== INICIO DE COPIA DE SEGURIDAD =====
2025-10-03 10:22:17,758 - INFO - Commit realizado en prueba
2025-10-03 10:22:18,850 - INFO - Backup GitHub realizado para prueba
2025-10-03 10:22:18,850 - INFO - ===== FIN DE COPIA DE SEGURIDAD =====
2025-10-03 10:22:18,851 - INFO - Resumen NAS: []
2025-10-03 10:22:18,851 - INFO - Resumen GitHub: ['prueba']
2025-10-03 10:22:51,670 - INFO - ===== INICIO DE COPIA DE SEGURIDAD =====
2025-10-03 10:22:51,675 - INFO - Commit realizado en prueba
2025-10-03 10:22:52,780 - INFO - Backup GitHub realizado para prueba
2025-10-03 10:22:52,780 - INFO - ===== FIN DE COPIA DE SEGURIDAD =====
2025-10-03 10:22:52,780 - INFO - Resumen NAS: []
2025-10-03 10:22:52,780 - INFO - Resumen GitHub: ['prueba']
2025-10-03 10:23:16,627 - INFO - ===== INICIO DE COPIA DE SEGURIDAD =====
